front_end/app/build/intermediates/manifest_merge_blame_file/debug/manifest-merger-blame-debug-report.txt
1<?xml version="1.0" encoding="utf-8"?>
2<manifest xmlns:android="http://schemas.android.com/apk/res/android"
3    package="com.example.myapplication"
4    android:versionCode="1"
5    android:versionName="1.0" >
6
7    <uses-sdk
8        android:minSdkVersion="15"
8-->src\main\AndroidManifest.xml
9        android:targetSdkVersion="29" />
9-->src\main\AndroidManifest.xml
10
11    <uses-permission android:name="android.permission.WRITE_EXTERNAL_STORAGE" />
11-->src\main\AndroidManifest.xml:5:5-81
11-->src\main\AndroidManifest.xml:5:22-78
12    <uses-permission android:name="android.permission.INTERNET" />
12-->src\main\AndroidManifest.xml:6:5-67
12-->src\main\AndroidManifest.xml:6:22-64
13    <uses-permission android:name="android.permission.ACCESS_NETWORK_STATE" />
13-->src\main\AndroidManifest.xml:7:5-79
13-->src\main\AndroidManifest.xml:7:22-76
14
15    <application
15-->src\main\AndroidManifest.xml:9:5-35:19
16        android:allowBackup="true"
16-->src\main\AndroidManifest.xml:11:9-35
17        android:appComponentFactory="androidx.core.app.CoreComponentFactory"
17-->[androidx.core:core:1.1.0] AndroidManifest.xml:24:18-86
18        android:debuggable="true"
19        android:icon="@mipmap/ic_launcher"
19-->src\main\AndroidManifest.xml:12:9-43
20        android:label="@string/app_name"
20-->src\main\AndroidManifest.xml:13:9-41
21        android:roundIcon="@mipmap/ic_launcher_round"
21-->src\main\AndroidManifest.xml:14:9-54
22        android:supportsRtl="true"
22-->src\main\AndroidManifest.xml:15:9-35
23        android:testOnly="true"
24        android:theme="@style/AppTheme" >
24-->src\main\AndroidManifest.xml:16:9-40
25        <activity android:name="com.example.myapplication.LoginRegisterPage.MainActivity" >
25-->src\main\AndroidManifest.xml:17:9-23:20
25-->src\main\AndroidManifest.xml:17:19-65
26            <intent-filter>
26-->src\main\AndroidManifest.xml:18:13-22:29
27                <action android:name="android.intent.action.MAIN" />
27-->src\main\AndroidManifest.xml:19:17-69
27-->src\main\AndroidManifest.xml:19:25-66
28
29                <category android:name="android.intent.category.LAUNCHER" />
29-->src\main\AndroidManifest.xml:21:17-77
29-->src\main\AndroidManifest.xml:21:27-74
30            </intent-filter>
31        </activity>
32        <activity android:name="com.example.myapplication.YunDiskActivity" />
32-->src\main\AndroidManifest.xml:24:9-53
32-->src\main\AndroidManifest.xml:24:19-50
33        <activity android:name="com.example.myapplication.HomeActivity" />
33-->src\main\AndroidManifest.xml:25:9-50
33-->src\main\AndroidManifest.xml:25:19-47
34        <activity android:name="com.example.myapplication.LoginRegisterPage.RegisterActivity" />
34-->src\main\AndroidManifest.xml:26:9-72
34-->src\main\AndroidManifest.xml:26:19-69
35        <activity android:name="com.example.myapplication.LoginRegisterPage.userLoginActivity" />
35-->src\main\AndroidManifest.xml:27:9-73
35-->src\main\AndroidManifest.xml:27:19-70
36        <activity android:name="com.example.myapplication.SearchAllstar.ShowSearchActivity" />
36-->src\main\AndroidManifest.xml:28:9-70
36-->src\main\AndroidManifest.xml:28:19-67
37        <activity android:name="com.example.myapplication.SearchAllstar.PhotoActivity" />
37-->src\main\AndroidManifest.xml:29:9-65
37-->src\main\AndroidManifest.xml:29:19-62
38        <activity android:name="com.example.myapplication.ImageShower" />
38-->src\main\AndroidManifest.xml:30:9-49
38-->src\main\AndroidManifest.xml:30:19-46
39
40        <provider
40-->src\main\AndroidManifest.xml:31:9-33:15
41            android:name="com.example.myapplication.ImageProvider"
41-->src\main\AndroidManifest.xml:31:19-47
42            android:authorities="cn.drake.imageprovider" />
42-->src\main\AndroidManifest.xml:32:13-57
43    </application>
44
45</manifest>